TN:
SF:src\App.jsx
FN:7,App
FN:12,(anonymous_1)
FN:27,(anonymous_2)
FN:32,(anonymous_3)
FNF:4
FNH:4
FNDA:9,App
FNDA:5,(anonymous_1)
FNDA:1,(anonymous_2)
FNDA:1,(anonymous_3)
DA:8,9
DA:9,9
DA:12,9
DA:13,5
DA:14,5
DA:16,5
DA:17,3
DA:18,3
DA:19,2
DA:21,1
DA:22,1
DA:27,9
DA:28,1
DA:29,1
DA:32,9
DA:33,1
DA:34,1
DA:35,1
DA:36,1
DA:39,9
LF:20
LH:20
BRDA:16,0,0,3
BRDA:16,0,1,2
BRDA:16,1,0,5
BRDA:16,1,1,3
BRDA:43,2,0,9
BRDA:43,2,1,3
BRDA:51,3,0,3
BRDA:51,3,1,6
BRF:8
BRH:8
end_of_record
TN:
SF:src\Login.jsx
FN:5,Login
FN:13,(anonymous_1)
FN:15,(anonymous_2)
FN:21,(anonymous_3)
FNF:4
FNH:4
FNDA:98,Login
FNDA:87,(anonymous_1)
FNDA:87,(anonymous_2)
FNDA:4,(anonymous_3)
DA:6,98
DA:10,98
DA:11,98
DA:13,98
DA:14,87
DA:15,87
DA:21,98
DA:22,4
DA:23,4
DA:24,4
DA:27,4
DA:28,1
DA:29,1
DA:30,1
DA:33,3
DA:34,3
DA:42,2
DA:44,2
DA:45,1
DA:49,1
DA:50,1
DA:53,1
DA:56,1
DA:58,2
DA:62,98
DA:99,1
LF:26
LH:26
BRDA:27,0,0,1
BRDA:27,0,1,3
BRDA:27,1,0,4
BRDA:27,1,1,4
BRDA:44,2,0,1
BRDA:44,2,1,1
BRDA:45,3,0,1
BRDA:45,3,1,0
BRDA:66,4,0,98
BRDA:66,4,1,2
BRDA:91,5,0,3
BRDA:91,5,1,95
BRF:12
BRH:11
end_of_record
TN:
SF:src\UserManagement.jsx
FN:4,UserManagement
FN:17,(anonymous_1)
FN:27,(anonymous_2)
FN:32,(anonymous_3)
FN:34,(anonymous_4)
FN:41,(anonymous_5)
FN:66,(anonymous_6)
FN:94,(anonymous_7)
FN:117,(anonymous_8)
FN:171,(anonymous_9)
FN:182,(anonymous_10)
FN:187,(anonymous_11)
FN:188,(anonymous_12)
FNF:13
FNH:0
FNDA:0,UserManagement
FNDA:0,(anonymous_1)
FNDA:0,(anonymous_2)
FNDA:0,(anonymous_3)
FNDA:0,(anonymous_4)
FNDA:0,(anonymous_5)
FNDA:0,(anonymous_6)
FNDA:0,(anonymous_7)
FNDA:0,(anonymous_8)
FNDA:0,(anonymous_9)
FNDA:0,(anonymous_10)
FNDA:0,(anonymous_11)
FNDA:0,(anonymous_12)
DA:5,0
DA:6,0
DA:11,0
DA:12,0
DA:14,0
DA:17,0
DA:18,0
DA:19,0
DA:20,0
DA:21,0
DA:23,0
DA:27,0
DA:28,0
DA:32,0
DA:33,0
DA:34,0
DA:41,0
DA:42,0
DA:43,0
DA:44,0
DA:52,0
DA:53,0
DA:54,0
DA:55,0
DA:57,0
DA:58,0
DA:61,0
DA:66,0
DA:67,0
DA:68,0
DA:70,0
DA:78,0
DA:80,0
DA:81,0
DA:82,0
DA:83,0
DA:84,0
DA:86,0
DA:89,0
DA:94,0
DA:96,0
DA:97,0
DA:98,0
DA:99,0
DA:103,0
DA:104,0
DA:105,0
DA:107,0
DA:108,0
DA:111,0
DA:117,0
DA:118,0
DA:123,0
DA:126,0
DA:172,0
DA:173,0
DA:183,0
DA:187,0
DA:188,0
LF:59
LH:0
BRDA:52,0,0,0
BRDA:52,0,1,0
BRDA:58,1,0,0
BRDA:58,1,1,0
BRDA:80,2,0,0
BRDA:80,2,1,0
BRDA:86,3,0,0
BRDA:86,3,1,0
BRDA:97,4,0,0
BRDA:97,4,1,0
BRDA:103,5,0,0
BRDA:103,5,1,0
BRDA:108,6,0,0
BRDA:108,6,1,0
BRDA:128,7,0,0
BRDA:128,7,1,0
BRDA:130,8,0,0
BRDA:130,8,1,0
BRDA:132,9,0,0
BRDA:132,9,1,0
BRDA:167,10,0,0
BRDA:167,10,1,0
BRDA:170,11,0,0
BRDA:170,11,1,0
BRF:24
BRH:0
end_of_record
